
=== Thu Feb  5 11:12:00 2026

Packages were changed.
Update Mode: updateDependencies

The following packages were added:
  com.unity.ide.visualstudio@2.0.26
  com.unity.modules.adaptiveperformance@1.0.0
  com.unity.modules.vectorgraphics@1.0.0
  com.unity.ai.navigation@2.0.9
  com.unity.modules.accessibility@1.0.0
  com.unity.multiplayer.center@1.0.1
The following packages were updated:
  com.unity.collab-proxy from version 1.2.16 to 2.11.2
  com.unity.ext.nunit from version 1.0.0 to 2.0.5
  com.unity.ide.rider from version 1.1.0 to 3.0.38
  com.unity.test-framework from version 1.0.13 to 1.6.0
  com.unity.timeline from version 1.1.0 to 1.8.10
  com.unity.ugui from version 1.0.0 to 2.0.0
The following packages were removed:
  com.unity.package-manager-ui@2.2.0
  com.unity.textmeshpro@2.0.1
